app/proguard-rules.pro
# Add project specific ProGuard rules here.
# By default, the flags in this file are appended to flags specified
# in D:\AndroidStudionSdk\andriod_studuiosdk/tools/proguard/proguard-android.txt
# You can edit the include path and order by changing the proguardFiles
# directive in build.gradle.
#
# For more details, see
#   http://developer.android.com/guide/developing/tools/proguard.html

# Add any project specific keep options here:

# If your project uses WebView with JS, uncomment the following
# and specify the fully qualified class name to the JavaScript interface
# class:
#-keepclassmembers class fqcn.of.javascript.interface.for.webview {
#   public *;
#}

#指定代码的压缩级别
-optimizationpasses 5

#包明不混合大小写
-dontusemixedcaseclassnames

#不去忽略非公共的库类
-dontskipnonpubliclibraryclasses

 #优化  不优化输入的类文件
-dontoptimize

 #预校验
-dontpreverify

 #混淆时是否记录日志
-verbose

 # 混淆时所采用的算法
-optimizations !code/simplification/arithmetic,!field/*,!class/merging/*

#保护注解
-keepattributes *Annotation*
-keep class com.google.android.material.** {*;}

-keep class androidx.** {*;}

-keep public class * extends androidx.**

-keep interface androidx.** {*;}

-dontwarn com.google.android.material.**

-dontnote com.google.android.material.**

-dontwarn androidx.**

-keep class com.usr.firecheck.bean.*{ *; }
### greenDAO 3
-keepclassmembers class * extends org.greenrobot.greendao.AbstractDao {
public static java.lang.String TABLENAME;
}
-keep class **$Properties

# If you do not use SQLCipher:
-dontwarn org.greenrobot.greendao.database.**
# If you do not use RxJava:
-dontwarn rx.**
#忽略警告
-ignorewarnings
##记录生成的日志数据,gradle build时在本项目根目录输出##
#apk 包内所有 class 的内部结构
-dump proguard/class_files.txt
#未混淆的类和成员
-printseeds proguard/seeds.txt
#列出从 apk 中删除的代码
-printusage proguard/unused.txt
#混淆前后的映射
-printmapping proguard/mapping.txt
########记录生成的日志数据，gradle build时 在本项目根目录输出-end######
#保持 native 方法不被混淆
-keepclasseswithmembernames class * {
    native <methods>;
}

#保持自定义控件类不被混淆
-keepclasseswithmembers class * {
    public <init>(android.content.Context, android.util.AttributeSet);
}

#保持自定义控件类不被混淆
-keepclassmembers class * extends android.app.Activity {
   public void *(android.view.View);
}

-keep public class * extends android.view.View {
    public <init>(android.content.Context);
    public <init>(android.content.Context, android.util.AttributeSet);
    public <init>(android.content.Context, android.util.AttributeSet, int);
    public void set*(...);
}

#保持 Parcelable 不被混淆
-keep class * implements android.os.Parcelable {
  public static final android.os.Parcelable$Creator *;
}

#保持 Serializable 不被混淆
-keepnames class * implements java.io.Serializable

#保持 Serializable 不被混淆并且enum 类也不被混淆
-keepclassmembers class * implements java.io.Serializable {
    static final long serialVersionUID;
    private static final java.io.ObjectStreamField[] serialPersistentFields;
    !static !transient <fields>;
    !private <fields>;
    !private <methods>;
    private void writeObject(java.io.ObjectOutputStream);
    private void readObject(java.io.ObjectInputStream);
    java.lang.Object writeReplace();
    java.lang.Object readResolve();
}

#保持枚举 enum 类不被混淆
-keepclassmembers enum * {
  public static **[] values();
  public static ** valueOf(java.lang.String);
}

-keepclassmembers class * {
    public void *ButtonClicked(android.view.View);
}

#不混淆资源类
-keepclassmembers class **.R$* {
    public static <fields>;
}
#gson
#如果用用到Gson解析包的，直接添加下面这几行就能成功混淆，不然会报错。
#-keepattributes Signature
# Gson specific classes
-keep class sun.misc.Unsafe { *; }
# Application classes that will be serialized/deserialized over Gson
-keep class com.google.gson.** { *; }
-keep class com.google.gson.stream.** { *; }

 #####混淆保护自己项目的部分代码以及引用的第三方jar包library#######
 #如果在当前的application module或者依赖的library module中使用了第三方的库，并不需要显式添加规则
 #-libraryjars xxx
 #添加了反而有可能在打包的时候遭遇同一个jar多次被指定的错误，一般只需要添加忽略警告和保持某些class不被混淆的声明。
 #以libaray的形式引用了开源项目,如果不想混淆 keep 掉，在引入的module的build.gradle中设置minifyEnabled=false
 -keep class com.nineoldandroids.** { *; }
 -keep interface com.nineoldandroids.** { *; }
 -dontwarn com.nineoldandroids.**

#butterknife
-keep class butterknife.** { *; }
-dontwarn butterknife.internal.**
-keep class **$$ViewBinder { *; }

-keepclasseswithmembernames class * {
    @butterknife.* <fields>;
}

-keepclasseswithmembernames class * {
    @butterknife.* <methods>;
}

######引用的其他Module可以直接在app的这个混淆文件里配置

# 如果使用了Gson之类的工具要使被它解析的JavaBean类即实体类不被混淆。
-keep class com.matrix.app.entity.json.** { *; }
-keep class com.matrix.appsdk.network.model.** { *; }

#####混淆保护自己项目的部分代码以及引用的第三方jar包library#######
#如果在当前的application module或者依赖的library module中使用了第三方的库，并不需要显式添加规则
#-libraryjars xxx
#添加了反而有可能在打包的时候遭遇同一个jar多次被指定的错误，一般只需要添加忽略警告和保持某些class不被混淆的声明。
#以libaray的形式引用了开源项目,如果不想混淆 keep 掉，在引入的module的build.gradle中设置minifyEnabled=false
-keep class com.nineoldandroids.** { *; }
-keep interface com.nineoldandroids.** { *; }
-dontwarn com.nineoldandroids.**

 # support-v7
 -dontwarn android.support.v7.**
 -keep class android.support.v7.internal.** { *; }
 -keep interface android.support.v7.internal.** { *; }
 -keep class android.support.v7.** { *; }

 # support design
 -dontwarn android.support.design.**
 -keep class android.support.design.** { *; }
 -keep interface android.support.design.** { *; }
 -keep public class android.support.design.R$* { *; }
 -keep class org.apache.**{*;}
 -dontwarn org.apache.**

 -keep class javax.servlet.**{*;}
 -dontwarn javax.servlet.**
 # eventbus 3
 -keepattributes *Annotation*
 -keepclassmembers class * {
     @org.greenrobot.eventbus.Subscribe <methods>;
 }
 -keep enum org.greenrobot.eventbus.ThreadMode { *; }

 # And if you use AsyncExecutor:
 -keepclassmembers class * extends org.greenrobot.eventbus.util.ThrowableFailureEvent {
     <init>(java.lang.Throwable);
 }