app/proguard/seeds.txt
com.usr.firecheck.bean.MDevice: android.bluetooth.BluetoothDevice device
com.usr.firecheck.bean.SaveBeanDao: boolean isEntityUpdateable()
com.usr.firecheck.bean.SaveBeanDao$Properties: org.greenrobot.greendao.Property Lmd
com.usr.firecheck.bean.SaveBean: java.lang.Long id
com.usr.firecheck.bean.DaoSession: com.usr.firecheck.bean.SaveBeanDao getSaveBeanDao()
com.usr.firecheck.bean.SaveBeanDao: SaveBeanDao(org.greenrobot.greendao.internal.DaoConfig)
com.usr.firecheck.fragments.DataFragment_ViewBinding
com.usr.firecheck.bean.DaoMaster$DevOpenHelper: DaoMaster$DevOpenHelper(android.content.Context,java.lang.String,android.database.sqlite.SQLiteDatabase$CursorFactory)
com.usr.firecheck.bean.SaveBean: void setDate(java.lang.String)
com.usr.firecheck.bean.DaoMaster: void dropAllTables(org.greenrobot.greendao.database.Database,boolean)
com.usr.firecheck.bean.MessageEvent: void setSend(java.lang.Boolean)
com.usr.firecheck.bean.MessageEvent: MessageEvent(java.lang.String,java.lang.Boolean)
com.usr.firecheck.bean.MessageEvent
com.usr.firecheck.bean.SaveBeanDao: java.lang.Long readKey(android.database.Cursor,int)
com.usr.firecheck.bean.SaveBeanDao: java.lang.Object getKey(java.lang.Object)
com.usr.firecheck.bean.SaveBean: java.lang.String toString()
com.usr.firecheck.bean.SaveBean: java.lang.String getLdbd()
com.usr.firecheck.bean.SaveBeanDao$Properties: SaveBeanDao$Properties()
com.usr.firecheck.bean.SaveBeanDao$Properties: org.greenrobot.greendao.Property Mdbd
com.usr.firecheck.bean.SaveBeanDao: java.lang.Long getKey(com.usr.firecheck.bean.SaveBean)
com.usr.firecheck.bean.DaoSession: DaoSession(org.greenrobot.greendao.database.Database,org.greenrobot.greendao.identityscope.IdentityScopeType,java.util.Map)
com.usr.firecheck.bean.DaoMaster: DaoMaster(android.database.sqlite.SQLiteDatabase)
com.usr.firecheck.bean.DaoMaster: void createAllTables(org.greenrobot.greendao.database.Database,boolean)
com.usr.firecheck.bean.SaveBean: SaveBean(java.lang.Long,java.lang.String,java.lang.String,java.lang.String,java.lang.String,java.lang.String,java.lang.String)
com.usr.firecheck.bean.DaoMaster: com.usr.firecheck.bean.DaoSession newSession()
com.usr.firecheck.bean.SaveBeanDao: SaveBeanDao(org.greenrobot.greendao.internal.DaoConfig,com.usr.firecheck.bean.DaoSession)
com.usr.firecheck.bean.MDevice: int getRssi()
com.usr.firecheck.fragments.DataFragment_ViewBinding: DataFragment_ViewBinding(com.usr.firecheck.fragments.DataFragment,android.view.View)
com.usr.firecheck.bean.MDevice: void setDevice(android.bluetooth.BluetoothDevice)
com.usr.firecheck.bean.SaveBean: SaveBean()
com.usr.firecheck.bean.DaoMaster: com.usr.firecheck.bean.DaoSession newDevSession(android.content.Context,java.lang.String)
com.usr.firecheck.bean.DaoMaster: DaoMaster(org.greenrobot.greendao.database.Database)
com.usr.firecheck.bean.SaveBeanDao: boolean hasKey(com.usr.firecheck.bean.SaveBean)
com.usr.firecheck.bean.SaveBean: java.lang.String getType()
com.usr.firecheck.MainActivity
com.usr.firecheck.bean.SaveBean: java.lang.String type
com.usr.firecheck.bean.SaveBean: void setId(java.lang.Long)
com.usr.firecheck.bean.SaveBeanDao: void readEntity(android.database.Cursor,java.lang.Object,int)
com.usr.firecheck.fragments.BleFragment_ViewBinding
com.usr.firecheck.bean.DaoMaster$DevOpenHelper
com.usr.firecheck.bean.MDevice: void setRssi(int)
com.usr.firecheck.bean.MDevice: MDevice()
com.usr.firecheck.bean.SaveBean: void setLdbd(java.lang.String)
com.usr.firecheck.bean.SaveBeanDao: java.lang.String TABLENAME
com.usr.firecheck.bean.SaveBean: void setType(java.lang.String)
com.usr.firecheck.bean.SaveBeanDao: java.lang.Long updateKeyAfterInsert(com.usr.firecheck.bean.SaveBean,long)
com.usr.firecheck.bean.SaveBean: void setMdbd(java.lang.String)
com.usr.firecheck.application.MyApplication: MyApplication()
com.usr.firecheck.bean.SaveBeanDao: boolean hasKey(java.lang.Object)
com.usr.firecheck.bean.DaoMaster
...
butterknife.internal.Utils: java.lang.Object findOptionalViewAsType(android.view.View,int,java.lang.String,java.lang.Class)
androidx.vectordrawable.graphics.drawable.VectorDrawableCompat$VClipPath: boolean isClipPath()
com.google.android.material.circularreveal.CircularRevealHelper: int getCircularRevealScrimColor()
com.google.android.material.bottomnavigation.BottomNavigationPresenter$SavedState$1: java.lang.Object createFromParcel(android.os.Parcel)
androidx.core.accessibilityservice.AccessibilityServiceInfoCompat: int getCapabilities(android.accessibilityservice.AccessibilityServiceInfo)
androidx.recyclerview.widget.FastScroller: void attachToRecyclerView(androidx.recyclerview.widget.RecyclerView)
androidx.recyclerview.widget.GridLayoutManager: void onLayoutCompleted(androidx.recyclerview.widget.RecyclerView$State)
androidx.appcompat.view.menu.SubMenuWrapperICS
androidx.appcompat.app.AppCompatDelegateImpl: boolean mClosingActionMenu
androidx.fragment.app.FragmentManagerImpl: void unregisterFragmentLifecycleCallbacks(androidx.fragment.app.FragmentManager$FragmentLifecycleCallbacks)
androidx.customview.R$dimen: int notification_small_icon_size_as_large
androidx.fragment.app.FragmentActivity$HostCallbacks: android.view.View onFindViewById(int)
androidx.recyclerview.widget.RecyclerView: boolean mPreserveFocusAfterLayout
butterknife.R$id: int time
androidx.asynclayoutinflater.R$style
com.google.android.material.bottomnavigation.BottomNavigationMenuView: BottomNavigationMenuView(android.content.Context,android.util.AttributeSet)
androidx.versionedparcelable.VersionedParcel: void writeArray(java.lang.Object[],int)
androidx.core.text.PrecomputedTextCompat$PrecomputedTextFutureTask$PrecomputedTextCallback: java.lang.Object call()
com.google.android.material.internal.ParcelableSparseArray$1: java.lang.Object createFromParcel(android.os.Parcel)
androidx.recyclerview.widget.StaggeredGridLayoutManager$LayoutParams: StaggeredGridLayoutManager$LayoutParams(android.view.ViewGroup$MarginLayoutParams)
androidx.legacy.content.WakefulBroadcastReceiver: int mNextId
androidx.recyclerview.widget.AsyncListUtil$2: void updateRange(int,int,int,int,int)
androidx.appcompat.app.WindowDecorActionBar: void removeOnMenuVisibilityListener(androidx.appcompat.app.ActionBar$OnMenuVisibilityListener)
androidx.appcompat.app.TwilightCalculator: float C1
androidx.core.app.NotificationCompat$Builder: android.app.PendingIntent mFullScreenIntent
com.google.android.material.internal.NavigationMenuPresenter: void setCallback(androidx.appcompat.view.menu.MenuPresenter$Callback)
com.google.android.material.navigation.NavigationView: void addHeaderView(android.view.View)
androidx.viewpager.widget.PagerTabStrip: void setTabIndicatorColorResource(int)
androidx.recyclerview.R$styleable: int GradientColor_android_centerX
com.google.android.material.textfield.IndicatorViewController: void updateCaptionViewsVisibility(int,int,boolean)
androidx.asynclayoutinflater.R$dimen: int notification_top_pad
androidx.core.provider.FontsContractCompat$1: FontsContractCompat$1(android.content.Context,androidx.core.provider.FontRequest,int,java.lang.String)
androidx.transition.Styleable$Fade
androidx.core.provider.SelfDestructiveThread$ReplyCallback: void onReply(java.lang.Object)
androidx.recyclerview.widget.RecyclerView$LayoutManager: void onDetachedFromWindow(androidx.recyclerview.widget.RecyclerView)
androidx.recyclerview.widget.FastScroller: int[] mHorizontalRange
androidx.core.text.PrecomputedTextCompat
androidx.transition.ViewOverlayApi14$OverlayViewGroup: androidx.transition.ViewOverlayApi14 mViewOverlay
androidx.core.graphics.TypefaceCompatBaseImpl$2: TypefaceCompatBaseImpl$2(androidx.core.graphics.TypefaceCompatBaseImpl)
androidx.core.content.pm.ShortcutManagerCompat$1: android.content.IntentSender val$callback
androidx.recyclerview.widget.DiffUtil$Range: DiffUtil$Range()