app/proguard/mapping.txt
# compiler: R8
# compiler_version: 1.6.67
# min_api: 19
# pg_map_id: c53504a
# common_typos_disable
com.usr.firecheck.BLEProfileDataParserClasses.BloodPressureParser -> com.usr.firecheck.a.a:
    boolean BloodPressureUnitsFlagSet(byte) -> a
    java.lang.String getDiaStolicBloodPressure(android.bluetooth.BluetoothGattCharacteristic) -> a
    java.lang.String getDiaStolicBloodPressureUnit(android.bluetooth.BluetoothGattCharacteristic,android.content.Context) -> a
    java.lang.String getSystolicBloodPressure(android.bluetooth.BluetoothGattCharacteristic) -> b
    java.lang.String getSystolicBloodPressureUnit(android.bluetooth.BluetoothGattCharacteristic,android.content.Context) -> b
com.usr.firecheck.BLEProfileDataParserClasses.CSCParser -> com.usr.firecheck.a.b:
    java.lang.String gearRatio -> f
    float mWheelCadence -> j
    int mLastCrankEventTime -> l
    int mLastCrankRevolutions -> k
    int mLastWheelRevolutions -> h
    int mLastWheelEventTime -> i
    int mFirstWheelRevolutions -> g
    java.lang.String cyclingExtraSpeed -> c
    java.lang.String cyclingExtraDistance -> b
    java.util.ArrayList CSCInfo -> a
    java.lang.String cyclingCadence -> e
    java.lang.String cyclingDistance -> d
    java.util.ArrayList getCyclingSpeednCadence(android.bluetooth.BluetoothGattCharacteristic) -> a
    void onCrankMeasurementReceived(int,int) -> a
    void onWheelMeasurementReceived(int,int) -> b
com.usr.firecheck.BLEProfileDataParserClasses.CapSenseParser -> com.usr.firecheck.a.c:
    java.util.ArrayList getCapSenseButtons(android.bluetooth.BluetoothGattCharacteristic) -> a
    int getCapSenseProximity(android.bluetooth.BluetoothGattCharacteristic) -> b
    int getCapSenseSlider(android.bluetooth.BluetoothGattCharacteristic) -> c
com.usr.firecheck.BLEProfileDataParserClasses.DescriptorParser -> com.usr.firecheck.a.d:
    java.lang.String writableAuxillaryEnabled -> g
    java.lang.String reliableWriteDisabled -> f
    java.lang.String broadcastEnabled -> i
    java.lang.String writableAuxillaryDisabled -> h
    java.lang.String broadcastDisabled -> j
    java.lang.String notificationEnabled -> a
    java.lang.String indicationEnabled -> c
    java.lang.String notificationDisabled -> b
    java.lang.String reliableWriteEnabled -> e
    java.lang.String indicationDisabled -> d
    java.util.HashMap getCharacteristicExtendedProperties(android.bluetooth.BluetoothGattDescriptor) -> a
    java.lang.String getCharacteristicPresentationFormat(android.bluetooth.BluetoothGattDescriptor) -> b
    java.lang.String getCharacteristicUserDescription(android.bluetooth.BluetoothGattDescriptor) -> c
    java.lang.String getClientCharacteristicConfiguration(android.bluetooth.BluetoothGattDescriptor) -> d
    java.util.ArrayList getReportReference(android.bluetooth.BluetoothGattDescriptor) -> e
    java.lang.String getServerCharacteristicConfiguration(android.bluetooth.BluetoothGattDescriptor) -> f
com.usr.firecheck.BLEProfileDataParserClasses.GlucoseParser -> com.usr.firecheck.a.e:
    java.util.ArrayList getGlucoseHealth(android.bluetooth.BluetoothGattCharacteristic) -> a
    java.lang.String glucoseSampleLocation(int) -> a
    java.lang.String glucoseType(int) -> b
com.usr.firecheck.BLEProfileDataParserClasses.HRMParser -> com.usr.firecheck.a.f:
    java.lang.String getBodySensorLocation(android.bluetooth.BluetoothGattCharacteristic) -> a
    boolean isEEpresent(byte) -> a
    java.lang.String getEnergyExpended(android.bluetooth.BluetoothGattCharacteristic) -> b
    boolean isHeartRateInUINT16(byte) -> b
    java.lang.String getHeartRate(android.bluetooth.BluetoothGattCharacteristic) -> c
    boolean isRRintpresent(byte) -> c
    java.util.ArrayList getRRInterval(android.bluetooth.BluetoothGattCharacteristic) -> d
com.usr.firecheck.BLEProfileDataParserClasses.HTMParser -> com.usr.firecheck.a.g:
    java.util.ArrayList tempInfo -> a
    java.util.ArrayList getHealthThermo(android.bluetooth.BluetoothGattCharacteristic) -> a
    java.lang.String getHealthThermoSensorLocation(android.bluetooth.BluetoothGattCharacteristic) -> b
...
android.support.v4.app.INotificationSideChannel -> a.a.a.a.a:
android.support.v4.app.INotificationSideChannel$Stub -> a.a.a.a.a$a:
android.support.v4.app.INotificationSideChannel$Stub$Proxy -> a.a.a.a.a$a$a:
    android.os.IBinder mRemote -> a
android.support.v4.os.IResultReceiver -> android.support.v4.os.a:
    void send(int,android.os.Bundle) -> a
android.support.v4.os.IResultReceiver$Stub -> android.support.v4.os.a$a:
    android.support.v4.os.IResultReceiver asInterface(android.os.IBinder) -> a
android.support.v4.os.IResultReceiver$Stub$Proxy -> android.support.v4.os.a$a$a:
    android.os.IBinder mRemote -> a
    void send(int,android.os.Bundle) -> a
android.support.v4.os.ResultReceiver -> android.support.v4.os.ResultReceiver:
    android.support.v4.os.IResultReceiver mReceiver -> b
    android.os.Handler mHandler -> a
    void onReceiveResult(int,android.os.Bundle) -> a
android.support.v4.os.ResultReceiver$1 -> android.support.v4.os.ResultReceiver$a:
android.support.v4.os.ResultReceiver$MyResultReceiver -> android.support.v4.os.ResultReceiver$b:
    android.support.v4.os.ResultReceiver this$0 -> a
    void send(int,android.os.Bundle) -> a
android.support.v4.os.ResultReceiver$MyRunnable -> android.support.v4.os.ResultReceiver$c:
    android.os.Bundle mResultData -> b
    android.support.v4.os.ResultReceiver this$0 -> c
    int mResultCode -> a
butterknife.-$$Lambda$Unbinder$aAZZEjRDCcxQlrGZAdKWmLXqruY -> butterknife.a:
    butterknife.-$$Lambda$Unbinder$aAZZEjRDCcxQlrGZAdKWmLXqruY INSTANCE -> a
butterknife.Unbinder$-CC -> butterknife.b:
    void butterknife.Unbinder.lambda$static$0() -> a
butterknife.internal.-$$Lambda$DebouncingOnClickListener$EDavjG1Da3G8JTdFPVGk_7OErB8 -> butterknife.internal.a:
    butterknife.internal.-$$Lambda$DebouncingOnClickListener$EDavjG1Da3G8JTdFPVGk_7OErB8 INSTANCE -> a
butterknife.internal.DebouncingOnClickListener -> butterknife.internal.DebouncingOnClickListener:
    void lambda$static$0() -> a
org.greenrobot.eventbus.AsyncPoster -> org.greenrobot.eventbus.a:
    org.greenrobot.eventbus.EventBus eventBus -> b
    org.greenrobot.eventbus.PendingPostQueue queue -> a
    void enqueue(org.greenrobot.eventbus.Subscription,java.lang.Object) -> a
org.greenrobot.eventbus.BackgroundPoster -> org.greenrobot.eventbus.b:
    org.greenrobot.eventbus.EventBus eventBus -> b
    org.greenrobot.eventbus.PendingPostQueue queue -> a
    boolean executorRunning -> c
    void enqueue(org.greenrobot.eventbus.Subscription,java.lang.Object) -> a
org.greenrobot.eventbus.EventBus -> org.greenrobot.eventbus.c:
    boolean logNoSubscriberMessages -> m
    boolean sendSubscriberExceptionEvent -> n
    org.greenrobot.eventbus.MainThreadSupport mainThreadSupport -> e
    boolean sendNoSubscriberEvent -> o
    boolean eventInheritance -> p
    java.lang.ThreadLocal currentPostingThreadState -> d
    org.greenrobot.eventbus.SubscriberMethodFinder subscriberMethodFinder -> i
    boolean throwSubscriberException -> k
    org.greenrobot.eventbus.AsyncPoster asyncPoster -> h
    boolean logSubscriberExceptions -> l
    org.greenrobot.eventbus.Poster mainThreadPoster -> f
    org.greenrobot.eventbus.Logger logger -> r
    java.util.Map eventTypesCache -> u
    java.util.Map subscriptionsByEventType -> a
    java.util.Map typesBySubscriber -> b
    java.util.Map stickyEvents -> c
    java.util.concurrent.ExecutorService executorService -> j
    org.greenrobot.eventbus.BackgroundPoster backgroundPoster -> g
    org.greenrobot.eventbus.EventBus defaultInstance -> s
    org.greenrobot.eventbus.EventBusBuilder DEFAULT_BUILDER -> t
    int indexCount -> q
    void addInterfaces(java.util.List,java.lang.Class[]) -> a
    java.util.concurrent.ExecutorService getExecutorService() -> a
    void handleSubscriberException(org.greenrobot.eventbus.Subscription,java.lang.Object,java.lang.Throwable) -> a
    void invokeSubscriber(org.greenrobot.eventbus.PendingPost) -> a
org.greenrobot.eventbus.EventBus$1 -> org.greenrobot.eventbus.c$a: