app/proguard/unused.txt
com.usr.firecheck.fragments.DataFragment:
    public static com.usr.firecheck.fragments.DataFragment getInstance()
com.usr.firecheck.Utils.DensityUtils
com.usr.firecheck.R$layout
com.usr.firecheck.BLEProfileDataParserClasses.HRMParser:
    public void <init>()
    private static final int FIRST_BITMASK
    private static final int FOURTH_BITMASK
    private static final int FIFTH_BITMASK
com.usr.firecheck.BLEProfileDataParserClasses.BloodPressureParser:
    public void <init>()
com.usr.firecheck.BuildConfig
com.usr.firecheck.Utils.AnimateUtils$5
com.usr.firecheck.BLEProfileDataParserClasses.RSCParser:
    public void <init>()
    private static final int FIRST_BITMASK
    public static final int SECOND_BITMASK
    public static final int THIRD_BITMASK
    public static final int FOURTH_BITMASK
    public static final int FIFTH_BITMASK
    public static final int SIXTH_BITMASK
    public static final int SEVENTH_BITMASK
    public static final int EIGTH_BITMASK
com.usr.firecheck.MyBaseActivity:
    protected void menuHomeClick()
com.usr.firecheck.R
com.usr.firecheck.Utils.AnimateUtils$4
com.usr.firecheck.R$style
com.usr.firecheck.Utils.UUIDDatabase:
    public void <init>()
com.usr.firecheck.BLEProfileDataParserClasses.RGBParser:
    public void <init>()
com.usr.firecheck.Utils.AnimateUtils$3
com.usr.firecheck.Utils.CRC:
    public void <init>()
    public static byte[] getRequestOrder(java.lang.String)
    public static int calcCrc16(byte[],int,int,int)
    public static byte[] hexString2Bytes(java.lang.String)
    public static byte uniteBytes(byte,byte)
com.usr.firecheck.MainActivity_ViewBinding:
    public void <init>(com.usr.firecheck.MainActivity)
com.usr.firecheck.BLEProfileDataParserClasses.HTMParser:
    public void <init>()
com.usr.firecheck.Utils.DataUtils:
    public void <init>()
    public static byte[] sendWriteVersionCMD(java.lang.String)
    public static byte[] sendReadPurpleCMD(java.lang.String)
    public static java.lang.String getReadFloatResponse(java.lang.String)
com.usr.firecheck.Utils.MaterialDialog$Builder:
    public void setPositiveButton(java.lang.String,android.view.View$OnClickListener)
    public void setNegativeButton(java.lang.String,android.view.View$OnClickListener)
    public void setBackground(android.graphics.drawable.Drawable)
    public void setBackgroundResource(int)
    public void setCanceledOnTouchOutside(boolean)
com.usr.firecheck.Utils.Constants
com.usr.firecheck.R$mipmap
com.usr.firecheck.R$menu
com.usr.firecheck.R$array
com.usr.firecheck.R$color
com.usr.firecheck.Utils.AnimateUtils
com.usr.firecheck.Utils.AnimateUtils$2
com.usr.firecheck.R$id
com.usr.firecheck.R$bool
com.usr.firecheck.BlueToothLeService.BluetoothLeService$LocalBinder:
    public com.usr.firecheck.BlueToothLeService.BluetoothLeService getService()
com.usr.firecheck.Utils.ReportAttributes:
    public void <init>()
    public static int lookupReportValues(java.lang.String)
    public static final java.lang.String MOUSE_REPORT_REFERENCE_STRING
    public static final java.lang.String KEYBOARD_REPORT_REFERENCE_STRING
    public static final java.lang.String MULTIMEDIA_REPORT_REFERENCE_STRING
    public static final java.lang.String POWER_REPORT_REFERENCE_STRING
    public static final java.lang.String AUDIO_REPORT_REFERENCE_CONTROL_STRING
    public static final java.lang.String AUDIO_REPORT_REFERENCE_DATA_STRING
    public static final java.lang.String INPUT_REPORT_TYPE_STRING
    public static final java.lang.String OUTPUT_REPORT_TYPE_STRING
    public static final java.lang.String FEATURE_REPORT_TYPE_STRING
com.usr.firecheck.R$anim
com.usr.firecheck.Utils.ChangeCharset
com.usr.firecheck.R$attr
com.usr.firecheck.R$integer
com.usr.firecheck.R$interpolator
com.usr.firecheck.Utils.AnimateUtils$1
...
freemarker.debug.impl.RmiDebuggedEnvironmentImpl$DebugTemplateModel
freemarker.template.DefaultArrayAdapter
freemarker.ext.jsp.TaglibFactory$MetaInfTldSource
freemarker.ext.beans.OverloadedNumberUtil$DoubleOrShort
freemarker.ext.xml.Navigator$ParentOp
freemarker.core.Configurable$SettingStringParser
freemarker.core.BuiltInsForLoopVariables$counterBI
freemarker.ext.beans.OverloadedNumberUtil$FloatOrByte
freemarker.core.MethodCall
org.greenrobot.greendao.annotation.apihint.Beta
freemarker.template.DefaultArrayAdapter$BooleanArrayAdapter
freemarker.ext.xml.Navigator$AncestorOrSelfOp
org.greenrobot.greendao.annotation.ToOne
freemarker.cache.TemplateLookupResult$PositiveTemplateLookupResult
freemarker.ext.jsp.TaglibFactory$ServletContextJarEntryTldLocation
freemarker.ext.jdom.NodeListModel$NamedChildrenOp
freemarker.template.GeneralPurposeNothing
freemarker.ext.beans.ResourceBundleModel
freemarker.ext.beans._EnumModels
freemarker.core.BuiltInsForStringsRegexp$replace_reBI
freemarker.ext.beans.ArrayModel$1
freemarker.template.utility.DateUtil$DateParseException
freemarker.template.utility.WriteProtectable
org.greenrobot.eventbus.meta.AbstractSubscriberInfo
freemarker.debug.impl.RmiDebugModelImpl
freemarker.ext.jsp.FreeMarkerJspApplicationContext
freemarker.core.BuiltInsForDates$AbstractISOBI
freemarker.core.BuiltInsForSequences$reverseBI$ReverseSequence
freemarker.template.TemplateCollectionModel
freemarker.debug.impl.RmiDebuggedEnvironmentImpl$1
freemarker.core.BuiltInForDate
freemarker.core.EvalUtil
freemarker.template.utility.StandardCompress$StandardCompressWriter
freemarker.ext.xml.Navigator$DocumentOp
freemarker.cache.TemplateLookupResult$1
freemarker.ext.xml.NodeListModel$1
freemarker.template.TemplateModel
freemarker.core.Environment$2
freemarker.core.BuiltInsForMultipleTypes$is_hash_exBI
freemarker.core.BodyInstruction
freemarker.ext.beans.OverloadedNumberUtil$IntegerBigDecimal
org.greenrobot.greendao.rx.RxTransaction$2
freemarker.core._SettingEvaluationEnvironment
freemarker.ext.dom.DocumentTypeModel
freemarker.core.ExistenceBuiltins$ExistenceBuiltIn
freemarker.core.BooleanExpression
freemarker.ext.jsp.TaglibFactory$LocalDtdEntityResolver
freemarker.ext.xml._DomNavigator$DomXPathEx
freemarker.ext.jsp.TaglibFactory$Taglib
freemarker.core.BuiltInsForStringsRegexp$replace_reBI$ReplaceMethod
freemarker.core.DollarVariable
freemarker.template.utility.ObjectFactory
freemarker.debug.impl.RmiDebugModelImpl_Stub
freemarker.template.TemplateExceptionHandler
org.greenrobot.greendao.rx.RxDao$15
freemarker.cache.TemplateCache$TemplateCacheTemplateLookupContext
freemarker.ext.jython.JythonSequenceModel$2
freemarker.core.BuiltInsForStringsBasic$ensure_starts_withBI
freemarker.ext.util.IdentityHashMap$Entry
org.greenrobot.greendao.query.Join
freemarker.template.utility.XmlEscape$1
freemarker.ext.beans.CallableMemberDescriptor
freemarker.template.utility.HtmlEscape$1
freemarker.log._NullLoggerFactory
freemarker.debug.impl.RmiDebuggedEnvironmentImpl$DebugEnvironmentModel
org.greenrobot.greendao.query.CountQuery$QueryData
freemarker.core.BuiltInsForStringsRegexp$RegexMatchModel$1
org.greenrobot.greendao.database.Database:
    public abstract boolean inTransaction()
    public abstract void execSQL(java.lang.String,java.lang.Object[])
    public abstract void close()
freemarker.core.BuiltInsForStringsEncoding$htmlBI$BIBeforeICI2d3d20
freemarker.core.NonNumericalException
org.greenrobot.greendao.test.AbstractDaoTestLongPk
freemarker.cache.FileTemplateLoader$1
freemarker.core._ErrorDescriptionBuilder$Blaming
org.greenrobot.greendao.annotation.NotNull
org.greenrobot.greendao.rx.RxDao$1
freemarker.ext.jython.JythonWrapper
freemarker.log._AvalonLoggerFactory
freemarker.core.NonStringException
org.greenrobot.greendao.generator.Query
freemarker.ext.xml.Navigator$TextOp
freemarker.ext.rhino.RhinoScriptableModel$1
freemarker.ext.xml.Navigator$TypeOp